<?xml version="1.0" encoding="UTF-8"?>
<coverage generated="1732659275097" clover="3.2.0">
  <project timestamp="1732659275097" name="All files">
    <metrics statements="68" coveredstatements="64" conditionals="46" coveredconditionals="39" methods="8" coveredmethods="7" elements="122" coveredelements="110" complexity="0" loc="68" ncloc="68" packages="1" files="1" classes="1"/>
    <file name="terra-match.ts" path="/Users/jamesmilner/Code/terra-match/src/terra-match.ts">
      <metrics statements="68" coveredstatements="64" conditionals="46" coveredconditionals="39" methods="8" coveredmethods="7"/>
      <line num="2" count="1" type="stmt"/>
      <line num="7" count="3264621" type="stmt"/>
      <line num="8" count="3264621" type="stmt"/>
      <line num="9" count="3264621" type="stmt"/>
      <line num="10" count="3264621" type="stmt"/>
      <line num="11" count="3264621" type="stmt"/>
      <line num="12" count="3264621" type="stmt"/>
      <line num="13" count="3264621" type="stmt"/>
      <line num="15" count="3264621" type="stmt"/>
      <line num="18" count="3264621" type="stmt"/>
      <line num="20" count="3264621" type="stmt"/>
      <line num="23" count="1" type="cond" truecount="1" falsecount="0"/>
      <line num="34" count="349" type="stmt"/>
      <line num="36" count="349" type="stmt"/>
      <line num="43" count="349" type="cond" truecount="1" falsecount="0"/>
      <line num="44" count="349" type="stmt"/>
      <line num="47" count="349" type="cond" truecount="1" falsecount="1"/>
      <line num="48" count="349" type="stmt"/>
      <line num="50" count="349" type="stmt"/>
      <line num="52" count="349" type="stmt"/>
      <line num="53" count="5896" type="stmt"/>
      <line num="54" count="5896" type="stmt"/>
      <line num="56" count="5896" type="cond" truecount="1" falsecount="0"/>
      <line num="57" count="1060" type="stmt"/>
      <line num="62" count="349" type="stmt"/>
      <line num="64" count="349" type="cond" truecount="1" falsecount="1"/>
      <line num="70" count="1" type="stmt"/>
      <line num="75" count="5896" type="stmt"/>
      <line num="77" count="5896" type="cond" truecount="1" falsecount="1"/>
      <line num="78" count="5896" type="cond" truecount="1" falsecount="1"/>
      <line num="80" count="5896" type="stmt"/>
      <line num="81" count="5896" type="stmt"/>
      <line num="83" count="115700" type="stmt"/>
      <line num="87" count="9347312" type="cond" truecount="1" falsecount="0"/>
      <line num="88" count="6083040" type="stmt"/>
      <line num="91" count="3264272" type="cond" truecount="4" falsecount="0"/>
      <line num="92" count="5896" type="stmt"/>
      <line num="96" count="3258376" type="cond" truecount="4" falsecount="0"/>
      <line num="97" count="109804" type="stmt"/>
      <line num="101" count="3148572" type="cond" truecount="4" falsecount="0"/>
      <line num="102" count="107052" type="stmt"/>
      <line num="106" count="3041520" type="cond" truecount="3" falsecount="1"/>
      <line num="107" count="3041520" type="stmt"/>
      <line num="116" count="0" type="stmt"/>
      <line num="118" count="3264272" type="stmt"/>
      <line num="121" count="5896" type="stmt"/>
      <line num="123" count="5896" type="stmt"/>
      <line num="126" count="1" type="stmt"/>
      <line num="127" count="358" type="stmt"/>
      <line num="130" count="358" type="stmt"/>
      <line num="133" count="1" type="stmt"/>
      <line num="135" count="0" type="stmt"/>
      <line num="138" count="0" type="stmt"/>
      <line num="141" count="1" type="stmt"/>
      <line num="143" count="365" type="cond" truecount="2" falsecount="1"/>
      <line num="144" count="0" type="stmt"/>
      <line num="147" count="365" type="cond" truecount="2" falsecount="0"/>
      <line num="149" count="365" type="stmt"/>
      <line num="152" count="365" type="stmt"/>
      <line num="155" count="365" type="stmt"/>
      <line num="157" count="3086" type="stmt"/>
      <line num="159" count="3086" type="cond" truecount="1" falsecount="0"/>
      <line num="160" count="3017" type="stmt"/>
      <line num="163" count="3086" type="cond" truecount="3" falsecount="0"/>
      <line num="165" count="2729" type="stmt"/>
      <line num="172" count="3086" type="stmt"/>
      <line num="173" count="3086" type="stmt"/>
      <line num="180" count="365" type="stmt"/>
    </file>
  </project>
</coverage>
