{"/Users/jamesmilner/Code/terra-match/src/terra-match.ts": {"path":"/Users/jamesmilner/Code/terra-match/src/terra-match.ts","statementMap":{"0":{"start":{"line":23,"column":0},"end":{"line":23,"column":16}},"1":{"start":{"line":70,"column":0},"end":{"line":70,"column":16}},"2":{"start":{"line":126,"column":0},"end":{"line":126,"column":16}},"3":{"start":{"line":133,"column":0},"end":{"line":133,"column":16}},"4":{"start":{"line":141,"column":0},"end":{"line":141,"column":16}},"5":{"start":{"line":2,"column":0},"end":{"line":2,"column":47}},"6":{"start":{"line":7,"column":25},"end":{"line":7,"column":27}},"7":{"start":{"line":8,"column":25},"end":{"line":8,"column":27}},"8":{"start":{"line":9,"column":14},"end":{"line":9,"column":20}},"9":{"start":{"line":10,"column":15},"end":{"line":10,"column":35}},"10":{"start":{"line":11,"column":15},"end":{"line":11,"column":35}},"11":{"start":{"line":12,"column":15},"end":{"line":12,"column":44}},"12":{"start":{"line":13,"column":15},"end":{"line":13,"column":44}},"13":{"start":{"line":15,"column":14},"end":{"line":17,"column":43}},"14":{"start":{"line":18,"column":14},"end":{"line":18,"column":60}},"15":{"start":{"line":20,"column":4},"end":{"line":20,"column":17}},"16":{"start":{"line":34,"column":8},"end":{"line":34,"column":15}},"17":{"start":{"line":36,"column":24},"end":{"line":41,"column":6}},"18":{"start":{"line":43,"column":4},"end":{"line":45,"column":5}},"19":{"start":{"line":44,"column":8},"end":{"line":44,"column":41}},"20":{"start":{"line":47,"column":26},"end":{"line":47,"column":93}},"21":{"start":{"line":48,"column":30},"end":{"line":48,"column":51}},"22":{"start":{"line":50,"column":27},"end":{"line":50,"column":35}},"23":{"start":{"line":52,"column":4},"end":{"line":59,"column":5}},"24":{"start":{"line":53,"column":35},"end":{"line":53,"column":69}},"25":{"start":{"line":54,"column":25},"end":{"line":54,"column":74}},"26":{"start":{"line":56,"column":8},"end":{"line":58,"column":9}},"27":{"start":{"line":57,"column":12},"end":{"line":57,"column":40}},"28":{"start":{"line":62,"column":25},"end":{"line":62,"column":107}},"29":{"start":{"line":64,"column":4},"end":{"line":64,"column":143}},"30":{"start":{"line":75,"column":31},"end":{"line":75,"column":38}},"31":{"start":{"line":77,"column":27},"end":{"line":77,"column":103}},"32":{"start":{"line":78,"column":27},"end":{"line":78,"column":103}},"33":{"start":{"line":80,"column":32},"end":{"line":80,"column":53}},"34":{"start":{"line":81,"column":32},"end":{"line":81,"column":53}},"35":{"start":{"line":83,"column":41},"end":{"line":83,"column":127}},"36":{"start":{"line":83,"column":91},"end":{"line":83,"column":126}},"37":{"start":{"line":87,"column":8},"end":{"line":89,"column":9}},"38":{"start":{"line":88,"column":12},"end":{"line":88,"column":56}},"39":{"start":{"line":91,"column":8},"end":{"line":117,"column":9}},"40":{"start":{"line":92,"column":12},"end":{"line":95,"column":14}},"41":{"start":{"line":96,"column":15},"end":{"line":117,"column":9}},"42":{"start":{"line":97,"column":12},"end":{"line":100,"column":14}},"43":{"start":{"line":101,"column":15},"end":{"line":117,"column":9}},"44":{"start":{"line":102,"column":12},"end":{"line":105,"column":14}},"45":{"start":{"line":106,"column":15},"end":{"line":117,"column":9}},"46":{"start":{"line":107,"column":12},"end":{"line":114,"column":14}},"47":{"start":{"line":116,"column":12},"end":{"line":116,"column":60}},"48":{"start":{"line":118,"column":8},"end":{"line":118,"column":52}},"49":{"start":{"line":121,"column":33},"end":{"line":121,"column":107}},"50":{"start":{"line":123,"column":4},"end":{"line":123,"column":32}},"51":{"start":{"line":127,"column":18},"end":{"line":127,"column":48}},"52":{"start":{"line":130,"column":4},"end":{"line":130,"column":39}},"53":{"start":{"line":135,"column":27},"end":{"line":135,"column":58}},"54":{"start":{"line":138,"column":4},"end":{"line":138,"column":44}},"55":{"start":{"line":143,"column":4},"end":{"line":145,"column":5}},"56":{"start":{"line":144,"column":8},"end":{"line":144,"column":18}},"57":{"start":{"line":147,"column":24},"end":{"line":147,"column":122}},"58":{"start":{"line":149,"column":14},"end":{"line":149,"column":32}},"59":{"start":{"line":152,"column":30},"end":{"line":152,"column":32}},"60":{"start":{"line":155,"column":4},"end":{"line":178,"column":5}},"61":{"start":{"line":155,"column":17},"end":{"line":155,"column":18}},"62":{"start":{"line":157,"column":36},"end":{"line":157,"column":89}},"63":{"start":{"line":159,"column":8},"end":{"line":161,"column":9}},"64":{"start":{"line":160,"column":12},"end":{"line":160,"column":null}},"65":{"start":{"line":163,"column":8},"end":{"line":169,"column":9}},"66":{"start":{"line":165,"column":12},"end":{"line":168,"column":20}},"67":{"start":{"line":172,"column":36},"end":{"line":172,"column":70}},"68":{"start":{"line":173,"column":8},"end":{"line":176,"column":16}},"69":{"start":{"line":180,"column":4},"end":{"line":180,"column":24}}},"fnMap":{"0":{"name":"haversineDistance","decl":{"start":{"line":6,"column":9},"end":{"line":6,"column":26}},"loc":{"start":{"line":6,"column":53},"end":{"line":21,"column":1}}},"1":{"name":"terraMatch","decl":{"start":{"line":23,"column":16},"end":{"line":23,"column":26}},"loc":{"start":{"line":28,"column":6},"end":{"line":65,"column":1}}},"2":{"name":"frechetDistance","decl":{"start":{"line":70,"column":16},"end":{"line":70,"column":31}},"loc":{"start":{"line":73,"column":87},"end":{"line":124,"column":1}}},"3":{"name":"(anonymous_3)","decl":{"start":{"line":83,"column":85},"end":{"line":83,"column":88}},"loc":{"start":{"line":83,"column":91},"end":{"line":83,"column":126}}},"4":{"name":"calculateFrechetDistance","decl":{"start":{"line":85,"column":13},"end":{"line":85,"column":37}},"loc":{"start":{"line":85,"column":72},"end":{"line":119,"column":5}}},"5":{"name":"exponentialDecayFunction","decl":{"start":{"line":126,"column":16},"end":{"line":126,"column":40}},"loc":{"start":{"line":126,"column":78},"end":{"line":131,"column":1}}},"6":{"name":"linearDecayFunction","decl":{"start":{"line":133,"column":16},"end":{"line":133,"column":35}},"loc":{"start":{"line":133,"column":73},"end":{"line":139,"column":1}}},"7":{"name":"generateGeometryCoordinatePermutations","decl":{"start":{"line":141,"column":16},"end":{"line":141,"column":54}},"loc":{"start":{"line":141,"column":98},"end":{"line":181,"column":1}}}},"branchMap":{"0":{"loc":{"start":{"line":23,"column":51},"end":{"line":28,"column":6}},"type":"default-arg","locations":[{"start":{"line":28,"column":4},"end":{"line":28,"column":6}}]},"1":{"loc":{"start":{"line":30,"column":8},"end":{"line":30,"column":42}},"type":"default-arg","locations":[{"start":{"line":30,"column":25},"end":{"line":30,"column":42}}]},"2":{"loc":{"start":{"line":31,"column":8},"end":{"line":31,"column":32}},"type":"default-arg","locations":[{"start":{"line":31,"column":28},"end":{"line":31,"column":32}}]},"3":{"loc":{"start":{"line":32,"column":8},"end":{"line":32,"column":29}},"type":"default-arg","locations":[{"start":{"line":32,"column":25},"end":{"line":32,"column":29}}]},"4":{"loc":{"start":{"line":33,"column":8},"end":{"line":33,"column":29}},"type":"default-arg","locations":[{"start":{"line":33,"column":16},"end":{"line":33,"column":29}}]},"5":{"loc":{"start":{"line":43,"column":4},"end":{"line":45,"column":5}},"type":"if","locations":[{"start":{"line":43,"column":4},"end":{"line":45,"column":5}}]},"6":{"loc":{"start":{"line":47,"column":26},"end":{"line":47,"column":93}},"type":"cond-expr","locations":[{"start":{"line":47,"column":46},"end":{"line":47,"column":87}},{"start":{"line":47,"column":90},"end":{"line":47,"column":93}}]},"7":{"loc":{"start":{"line":56,"column":8},"end":{"line":58,"column":9}},"type":"if","locations":[{"start":{"line":56,"column":8},"end":{"line":58,"column":9}}]},"8":{"loc":{"start":{"line":64,"column":11},"end":{"line":64,"column":142}},"type":"cond-expr","locations":[{"start":{"line":64,"column":32},"end":{"line":64,"column":83}},{"start":{"line":64,"column":86},"end":{"line":64,"column":142}}]},"9":{"loc":{"start":{"line":73,"column":4},"end":{"line":73,"column":87}},"type":"default-arg","locations":[{"start":{"line":73,"column":50},"end":{"line":73,"column":87}}]},"10":{"loc":{"start":{"line":77,"column":27},"end":{"line":77,"column":103}},"type":"cond-expr","locations":[{"start":{"line":77,"column":57},"end":{"line":77,"column":80}},{"start":{"line":77,"column":83},"end":{"line":77,"column":103}}]},"11":{"loc":{"start":{"line":78,"column":27},"end":{"line":78,"column":103}},"type":"cond-expr","locations":[{"start":{"line":78,"column":57},"end":{"line":78,"column":80}},{"start":{"line":78,"column":83},"end":{"line":78,"column":103}}]},"12":{"loc":{"start":{"line":87,"column":8},"end":{"line":89,"column":9}},"type":"if","locations":[{"start":{"line":87,"column":8},"end":{"line":89,"column":9}}]},"13":{"loc":{"start":{"line":91,"column":8},"end":{"line":117,"column":9}},"type":"if","locations":[{"start":{"line":91,"column":8},"end":{"line":117,"column":9}},{"start":{"line":96,"column":15},"end":{"line":117,"column":9}}]},"14":{"loc":{"start":{"line":91,"column":12},"end":{"line":91,"column":44}},"type":"binary-expr","locations":[{"start":{"line":91,"column":12},"end":{"line":91,"column":26}},{"start":{"line":91,"column":30},"end":{"line":91,"column":44}}]},"15":{"loc":{"start":{"line":96,"column":15},"end":{"line":117,"column":9}},"type":"if","locations":[{"start":{"line":96,"column":15},"end":{"line":117,"column":9}},{"start":{"line":101,"column":15},"end":{"line":117,"column":9}}]},"16":{"loc":{"start":{"line":96,"column":19},"end":{"line":96,"column":49}},"type":"binary-expr","locations":[{"start":{"line":96,"column":19},"end":{"line":96,"column":31}},{"start":{"line":96,"column":35},"end":{"line":96,"column":49}}]},"17":{"loc":{"start":{"line":101,"column":15},"end":{"line":117,"column":9}},"type":"if","locations":[{"start":{"line":101,"column":15},"end":{"line":117,"column":9}},{"start":{"line":106,"column":15},"end":{"line":117,"column":9}}]},"18":{"loc":{"start":{"line":101,"column":19},"end":{"line":101,"column":49}},"type":"binary-expr","locations":[{"start":{"line":101,"column":19},"end":{"line":101,"column":33}},{"start":{"line":101,"column":37},"end":{"line":101,"column":49}}]},"19":{"loc":{"start":{"line":106,"column":15},"end":{"line":117,"column":9}},"type":"if","locations":[{"start":{"line":106,"column":15},"end":{"line":117,"column":9}},{"start":{"line":115,"column":15},"end":{"line":117,"column":9}}]},"20":{"loc":{"start":{"line":106,"column":19},"end":{"line":106,"column":47}},"type":"binary-expr","locations":[{"start":{"line":106,"column":19},"end":{"line":106,"column":31}},{"start":{"line":106,"column":35},"end":{"line":106,"column":47}}]},"21":{"loc":{"start":{"line":143,"column":4},"end":{"line":145,"column":5}},"type":"if","locations":[{"start":{"line":143,"column":4},"end":{"line":145,"column":5}}]},"22":{"loc":{"start":{"line":143,"column":8},"end":{"line":143,"column":66}},"type":"binary-expr","locations":[{"start":{"line":143,"column":8},"end":{"line":143,"column":29}},{"start":{"line":143,"column":33},"end":{"line":143,"column":66}}]},"23":{"loc":{"start":{"line":147,"column":24},"end":{"line":147,"column":122}},"type":"cond-expr","locations":[{"start":{"line":147,"column":54},"end":{"line":147,"column":90}},{"start":{"line":147,"column":93},"end":{"line":147,"column":122}}]},"24":{"loc":{"start":{"line":159,"column":8},"end":{"line":161,"column":9}},"type":"if","locations":[{"start":{"line":159,"column":8},"end":{"line":161,"column":9}}]},"25":{"loc":{"start":{"line":163,"column":8},"end":{"line":169,"column":9}},"type":"if","locations":[{"start":{"line":163,"column":8},"end":{"line":169,"column":9}}]},"26":{"loc":{"start":{"line":163,"column":12},"end":{"line":163,"column":53}},"type":"binary-expr","locations":[{"start":{"line":163,"column":12},"end":{"line":163,"column":42}},{"start":{"line":163,"column":46},"end":{"line":163,"column":53}}]},"27":{"loc":{"start":{"line":167,"column":29},"end":{"line":167,"column":102}},"type":"cond-expr","locations":[{"start":{"line":167,"column":59},"end":{"line":167,"column":80}},{"start":{"line":167,"column":83},"end":{"line":167,"column":102}}]},"28":{"loc":{"start":{"line":175,"column":25},"end":{"line":175,"column":98}},"type":"cond-expr","locations":[{"start":{"line":175,"column":55},"end":{"line":175,"column":76}},{"start":{"line":175,"column":79},"end":{"line":175,"column":98}}]}},"s":{"0":1,"1":1,"2":1,"3":1,"4":1,"5":1,"6":3264621,"7":3264621,"8":3264621,"9":3264621,"10":3264621,"11":3264621,"12":3264621,"13":3264621,"14":3264621,"15":3264621,"16":349,"17":349,"18":349,"19":349,"20":349,"21":349,"22":349,"23":349,"24":5896,"25":5896,"26":5896,"27":1060,"28":349,"29":349,"30":5896,"31":5896,"32":5896,"33":5896,"34":5896,"35":5896,"36":115700,"37":9347312,"38":6083040,"39":3264272,"40":5896,"41":3258376,"42":109804,"43":3148572,"44":107052,"45":3041520,"46":3041520,"47":0,"48":3264272,"49":5896,"50":5896,"51":358,"52":358,"53":0,"54":0,"55":365,"56":0,"57":365,"58":365,"59":365,"60":365,"61":365,"62":3086,"63":3086,"64":3017,"65":3086,"66":2729,"67":3086,"68":3086,"69":365},"f":{"0":3264621,"1":349,"2":5896,"3":115700,"4":9347312,"5":358,"6":0,"7":365},"b":{"0":[349],"1":[349],"2":[349],"3":[349],"4":[349],"5":[349],"6":[349,0],"7":[1060],"8":[0,349],"9":[0],"10":[5896,0],"11":[5896,0],"12":[6083040],"13":[5896,3258376],"14":[3264272,112948],"15":[109804,3148572],"16":[3258376,3151324],"17":[107052,3041520],"18":[3148572,107052],"19":[3041520,0],"20":[3041520,3041520],"21":[0],"22":[365,365],"23":[357,8],"24":[3017],"25":[2729],"26":[3086,3017],"27":[2660,69],"28":[3017,69]}}
}
