TN:
SF:src/terra-match.ts
FN:6,haversineDistance
FN:23,terraMatch
FN:70,frechetDistance
FN:83,(anonymous_3)
FN:85,calculateFrechetDistance
FN:126,exponentialDecayFunction
FN:133,linearDecayFunction
FN:141,generateGeometryCoordinatePermutations
FNF:8
FNH:7
FNDA:3264621,haversineDistance
FNDA:349,terraMatch
FNDA:5896,frechetDistance
FNDA:115700,(anonymous_3)
FNDA:9347312,calculateFrechetDistance
FNDA:358,exponentialDecayFunction
FNDA:0,linearDecayFunction
FNDA:365,generateGeometryCoordinatePermutations
DA:2,1
DA:7,3264621
DA:8,3264621
DA:9,3264621
DA:10,3264621
DA:11,3264621
DA:12,3264621
DA:13,3264621
DA:15,3264621
DA:18,3264621
DA:20,3264621
DA:23,1
DA:34,349
DA:36,349
DA:43,349
DA:44,349
DA:47,349
DA:48,349
DA:50,349
DA:52,349
DA:53,5896
DA:54,5896
DA:56,5896
DA:57,1060
DA:62,349
DA:64,349
DA:70,1
DA:75,5896
DA:77,5896
DA:78,5896
DA:80,5896
DA:81,5896
DA:83,115700
DA:87,9347312
DA:88,6083040
DA:91,3264272
DA:92,5896
DA:96,3258376
DA:97,109804
DA:101,3148572
DA:102,107052
DA:106,3041520
DA:107,3041520
DA:116,0
DA:118,3264272
DA:121,5896
DA:123,5896
DA:126,1
DA:127,358
DA:130,358
DA:133,1
DA:135,0
DA:138,0
DA:141,1
DA:143,365
DA:144,0
DA:147,365
DA:149,365
DA:152,365
DA:155,365
DA:157,3086
DA:159,3086
DA:160,3017
DA:163,3086
DA:165,2729
DA:172,3086
DA:173,3086
DA:180,365
LF:68
LH:64
BRDA:23,0,0,349
BRDA:30,1,0,349
BRDA:31,2,0,349
BRDA:32,3,0,349
BRDA:33,4,0,349
BRDA:43,5,0,349
BRDA:47,6,0,349
BRDA:47,6,1,0
BRDA:56,7,0,1060
BRDA:64,8,0,0
BRDA:64,8,1,349
BRDA:73,9,0,0
BRDA:77,10,0,5896
BRDA:77,10,1,0
BRDA:78,11,0,5896
BRDA:78,11,1,0
BRDA:87,12,0,6083040
BRDA:91,13,0,5896
BRDA:91,13,1,3258376
BRDA:91,14,0,3264272
BRDA:91,14,1,112948
BRDA:96,15,0,109804
BRDA:96,15,1,3148572
BRDA:96,16,0,3258376
BRDA:96,16,1,3151324
BRDA:101,17,0,107052
BRDA:101,17,1,3041520
BRDA:101,18,0,3148572
BRDA:101,18,1,107052
BRDA:106,19,0,3041520
BRDA:106,19,1,0
BRDA:106,20,0,3041520
BRDA:106,20,1,3041520
BRDA:143,21,0,0
BRDA:143,22,0,365
BRDA:143,22,1,365
BRDA:147,23,0,357
BRDA:147,23,1,8
BRDA:159,24,0,3017
BRDA:163,25,0,2729
BRDA:163,26,0,3086
BRDA:163,26,1,3017
BRDA:167,27,0,2660
BRDA:167,27,1,69
BRDA:175,28,0,3017
BRDA:175,28,1,69
BRF:46
BRH:39
end_of_record
